<?xml version="1.0" encoding="UTF-8"?>
<!-- Generated by org.testng.reporters.JUnitReportReporter -->
<testsuite hostname="LAPTOP-2A7KCU0G" failures="0" tests="2" name="rahulshettyacademy.Testngframeworkdesing.ErrorValidation" time="25.013" errors="0" timestamp="2024-04-04T23:08:26 IST" skipped="0">
  <testcase classname="rahulshettyacademy.Testngframeworkdesing.ErrorValidation" name="SubmitOrder" time="7.961"/>
  <testcase classname="rahulshettyacademy.Testngframeworkdesing.ErrorValidation" name="Loginerror" time="17.052"/>
</testsuite> <!-- rahulshettyacademy.Testngframeworkdesing.ErrorValidation -->
